<?xml version="1.0" encoding="UTF-8"?>
<testng-results ignored="0" total="5" passed="5" failed="0" skipped="0">
  <reporter-output>
  </reporter-output>
  <suite started-at="2025-08-12T15:59:43 IST" name="Default suite" finished-at="2025-08-12T16:00:50 IST" duration-ms="67898">
    <groups>
      <group name="cucumber">
        <method signature="AbstractTestNGCucumberTests.runScenario(io.cucumber.testng.PickleWrapper,io.cucumber.testng.FeatureWrapper)[pri:0, instance:runners.TestRunner@815b41f]" name="runScenario" class="io.cucumber.testng.AbstractTestNGCucumberTests"/>
      </group> <!-- cucumber -->
    </groups>
    <test started-at="2025-08-12T15:59:43 IST" name="Default test" finished-at="2025-08-12T16:00:50 IST" duration-ms="67898">
      <class name="runners.TestRunner">
        <test-method is-config="true" signature="setUpClass(org.testng.ITestContext)[pri:0, instance:runners.TestRunner@815b41f]" started-at="2025-08-12T15:59:43 IST" name="setUpClass" finished-at="2025-08-12T15:59:43 IST" duration-ms="439" status="PASS">
          <params>
            <param index="0">
              <value>
                <![CDATA[org.testng.TestRunner@436bd4df]]>
              </value>
            </param>
          </params>
          <reporter-output>
          </reporter-output>
        </test-method> <!-- setUpClass -->
        <test-method signature="runScenario(io.cucumber.testng.PickleWrapper,io.cucumber.testng.FeatureWrapper)[pri:0, instance:runners.TestRunner@815b41f]" started-at="2025-08-12T15:59:43 IST" name="runScenario" description="Runs Cucumber Scenarios" data-provider="scenarios" finished-at="2025-08-12T15:59:58 IST" duration-ms="15212" status="PASS">
          <params>
            <param index="0">
              <value>
                <![CDATA["Submit invalid name Epass form data and validate errors"]]>
              </value>
            </param>
            <param index="1">
              <value>
                <![CDATA["Validate negative scenarios for Epass country form"]]>
              </value>
            </param>
          </params>
          <reporter-output>
          </reporter-output>
        </test-method> <!-- runScenario -->
        <test-method signature="runScenario(io.cucumber.testng.PickleWrapper,io.cucumber.testng.FeatureWrapper)[pri:0, instance:runners.TestRunner@815b41f]" started-at="2025-08-12T15:59:58 IST" name="runScenario" description="Runs Cucumber Scenarios" data-provider="scenarios" finished-at="2025-08-12T16:00:11 IST" duration-ms="12939" status="PASS">
          <params>
            <param index="0">
              <value>
                <![CDATA["Submit invalid name Epass form data and validate errors"]]>
              </value>
            </param>
            <param index="1">
              <value>
                <![CDATA["Validate negative scenarios for Epass country form"]]>
              </value>
            </param>
          </params>
          <reporter-output>
          </reporter-output>
        </test-method> <!-- runScenario -->
        <test-method signature="runScenario(io.cucumber.testng.PickleWrapper,io.cucumber.testng.FeatureWrapper)[pri:0, instance:runners.TestRunner@815b41f]" started-at="2025-08-12T16:00:11 IST" name="runScenario" description="Runs Cucumber Scenarios" data-provider="scenarios" finished-at="2025-08-12T16:00:24 IST" duration-ms="13080" status="PASS">
          <params>
            <param index="0">
              <value>
                <![CDATA["Submit invalid name Epass form data and validate errors"]]>
              </value>
            </param>
            <param index="1">
              <value>
                <![CDATA["Validate negative scenarios for Epass country form"]]>
              </value>
            </param>
          </params>
          <reporter-output>
          </reporter-output>
        </test-method> <!-- runScenario -->
        <test-method signature="runScenario(io.cucumber.testng.PickleWrapper,io.cucumber.testng.FeatureWrapper)[pri:0, instance:runners.TestRunner@815b41f]" started-at="2025-08-12T16:00:24 IST" name="runScenario" description="Runs Cucumber Scenarios" data-provider="scenarios" finished-at="2025-08-12T16:00:37 IST" duration-ms="12983" status="PASS">
          <params>
            <param index="0">
              <value>
                <![CDATA["Submit invalid name Epass form data and validate errors"]]>
              </value>
            </param>
            <param index="1">
              <value>
                <![CDATA["Validate negative scenarios for Epass country form"]]>
              </value>
            </param>
          </params>
          <reporter-output>
          </reporter-output>
        </test-method> <!-- runScenario -->
        <test-method signature="runScenario(io.cucumber.testng.PickleWrapper,io.cucumber.testng.FeatureWrapper)[pri:0, instance:runners.TestRunner@815b41f]" started-at="2025-08-12T16:00:37 IST" name="runScenario" description="Runs Cucumber Scenarios" data-provider="scenarios" finished-at="2025-08-12T16:00:50 IST" duration-ms="13168" status="PASS">
          <params>
            <param index="0">
              <value>
                <![CDATA["Submit invalid name Epass form data and validate errors"]]>
              </value>
            </param>
            <param index="1">
              <value>
                <![CDATA["Validate negative scenarios for Epass country form"]]>
              </value>
            </param>
          </params>
          <reporter-output>
          </reporter-output>
        </test-method> <!-- runScenario -->
        <test-method is-config="true" signature="tearDownClass()[pri:0, instance:runners.TestRunner@815b41f]" started-at="2025-08-12T16:00:50 IST" name="tearDownClass" finished-at="2025-08-12T16:00:50 IST" duration-ms="6" status="PASS">
          <reporter-output>
          </reporter-output>
        </test-method> <!-- tearDownClass -->
      </class> <!-- runners.TestRunner -->
    </test> <!-- Default test -->
  </suite> <!-- Default suite -->
</testng-results>
